<?xml version="1.0" encoding="UTF-8"?>
<!-- Generated by org.testng.reporters.JUnitXMLReporter -->
<testsuite ignored="1" hostname="LAPTOP-VO9NQ3U8" failures="0" tests="1" name="TestGoogle" time="10.549" errors="0" timestamp="2023-08-07T10:30:21 IST">
  <testcase classname="com.sadik.Tests.FirstTest" name="TestGoogle" time="10.541"/>
  <testcase classname="com.sadik.Tests.FirstTest" name="TestFacebook" time="0.0">
    <ignored/>
  </testcase> <!-- TestFacebook -->
</testsuite> <!-- TestGoogle -->
