<?xml version="1.0" encoding="UTF-8"?>
<!-- Generated by org.testng.reporters.JUnitXMLReporter -->
<testsuite ignored="0" hostname="LAPTOP-VO9NQ3U8" failures="0" tests="6" name="Test3" time="0.06" errors="0" timestamp="2023-08-24T18:36:13 IST">
  <testcase classname="com.sadik.parallelTest.TestClass3" name="testmethod11" time="0.002"/>
  <testcase classname="com.sadik.parallelTest.TestClass3" name="testmethod12" time="0.007"/>
  <testcase classname="com.sadik.parallelTest.TestClass3" name="testmethod13" time="0.007"/>
  <testcase classname="com.sadik.parallelTest.TestClass3" name="testmethod14" time="0.002"/>
  <testcase classname="com.sadik.parallelTest.TestClass3" name="testmethod15" time="0.005"/>
  <testcase classname="com.sadik.parallelTest.TestClass3" name="testmethod16" time="0.001"/>
</testsuite> <!-- Test3 -->
