<?xml version="1.0" encoding="UTF-8"?>
<!-- Generated by org.testng.reporters.JUnitXMLReporter -->
<testsuite ignored="1" hostname="LAPTOP-VO9NQ3U8" failures="0" tests="1" name="Test1" time="9.25" errors="0" timestamp="2023-08-30T13:08:11 IST">
  <testcase classname="com.sadik.screenshots.FirstTest2" name="testgoogle" time="4.194"/>
  <testcase classname="com.sadik.screenshots.FirstTest2" name="TestFacebook" time="0.0">
    <ignored/>
  </testcase> <!-- TestFacebook -->
</testsuite> <!-- Test1 -->
