<?xml version="1.0" encoding="UTF-8"?>
<!-- Generated by org.testng.reporters.JUnitXMLReporter -->
<testsuite ignored="0" hostname="LAPTOP-VO9NQ3U8" failures="0" tests="8" name="Test" time="39.953" errors="0" timestamp="2023-08-23T15:40:27 IST">
  <testcase classname="com.sadik.dataproviderTests.BasicTest" name="TestLogin" time="12.83"/>
  <testcase classname="com.sadik.dataproviderTests.BasicTest" name="TestLogin" time="12.891"/>
  <testcase classname="com.sadik.dataproviderTests.BasicTest" name="TestLogin" time="9.449"/>
  <testcase classname="com.sadik.dataproviderTests.BasicTest" name="TestLogin" time="9.411"/>
  <testcase classname="com.sadik.dataproviderTests.BasicTest" name="TestLogin" time="8.865"/>
  <testcase classname="com.sadik.dataproviderTests.BasicTest" name="TestLogin" time="8.93"/>
  <testcase classname="com.sadik.dataproviderTests.BasicTest" name="TestLogin" time="8.685"/>
  <testcase classname="com.sadik.dataproviderTests.BasicTest" name="TestLogin" time="8.669"/>
</testsuite> <!-- Test -->
